


ARM Macro Assembler    Page 1 


    1 00000000         ; <<< Use Configuration Wizard in Context Menu >>>
    2 00000000         ;*******************************************************
                       ***********************
    3 00000000         ;
    4 00000000         ; Startup.s - Startup code for Stellaris.
    5 00000000         ;
    6 00000000         ; Copyright (c) 2011 Texas Instruments Incorporated.  Al
                       l rights reserved.
    7 00000000         ; Software License Agreement
    8 00000000         ; 
    9 00000000         ; Texas Instruments (TI) is supplying this software for 
                       use solely and
   10 00000000         ; exclusively on TI's microcontroller products. The soft
                       ware is owned by
   11 00000000         ; TI and/or its suppliers, and is protected under applic
                       able copyright
   12 00000000         ; laws. You may not combine this software with "viral" o
                       pen-source
   13 00000000         ; software in order to form a larger program.
   14 00000000         ; 
   15 00000000         ; THIS SOFTWARE IS PROVIDED "AS IS" AND WITH ALL FAULTS.
                       
   16 00000000         ; NO WARRANTIES, WHETHER EXPRESS, IMPLIED OR STATUTORY, 
                       INCLUDING, BUT
   17 00000000         ; NOT LIMITED TO, IMPLIED WARRANTIES OF MERCHANTABILITY 
                       AND FITNESS FOR
   18 00000000         ; A PARTICULAR PURPOSE APPLY TO THIS SOFTWARE. TI SHALL 
                       NOT, UNDER ANY
   19 00000000         ; CIRCUMSTANCES, BE LIABLE FOR SPECIAL, INCIDENTAL, OR C
                       ONSEQUENTIAL
   20 00000000         ; DAMAGES, FOR ANY REASON WHATSOEVER.
   21 00000000         ; 
   22 00000000         ; This is part of revision 7860 of the Stellaris Periphe
                       ral Driver Library.
   23 00000000         ;
   24 00000000         ;*******************************************************
                       ***********************
   25 00000000         
   26 00000000         ;*******************************************************
                       ***********************
   27 00000000         ;
   28 00000000         ; <o> Stack Size (in Bytes) <0x0-0xFFFFFFFF:8>
   29 00000000         ;
   30 00000000         ;*******************************************************
                       ***********************
   31 00000000 00000400 
                       Stack   EQU              0x00000400
   32 00000000         
   33 00000000         ;*******************************************************
                       ***********************
   34 00000000         ;
   35 00000000         ; <o> Heap Size (in Bytes) <0x0-0xFFFFFFFF:8>
   36 00000000         ;
   37 00000000         ;*******************************************************
                       ***********************
   38 00000000 00000000 
                       Heap    EQU              0x00000000
   39 00000000         
   40 00000000         ;*******************************************************



ARM Macro Assembler    Page 2 


                       ***********************
   41 00000000         ;
   42 00000000         ; Allocate space for the stack.
   43 00000000         ;
   44 00000000         ;*******************************************************
                       ***********************
   45 00000000                 AREA             STACK, NOINIT, READWRITE, ALIGN
=3
   46 00000000         StackMem
   47 00000000                 SPACE            Stack
   48 00000400         __initial_sp
   49 00000400         
   50 00000400         ;*******************************************************
                       ***********************
   51 00000400         ;
   52 00000400         ; Allocate space for the heap.
   53 00000400         ;
   54 00000400         ;*******************************************************
                       ***********************
   55 00000400                 AREA             HEAP, NOINIT, READWRITE, ALIGN=
3
   56 00000000         __heap_base
   57 00000000         HeapMem
   58 00000000                 SPACE            Heap
   59 00000000         __heap_limit
   60 00000000         
   61 00000000         ;*******************************************************
                       ***********************
   62 00000000         ;
   63 00000000         ; Indicate that the code in this file preserves 8-byte a
                       lignment of the stack.
   64 00000000         ;
   65 00000000         ;*******************************************************
                       ***********************
   66 00000000                 PRESERVE8
   67 00000000         
   68 00000000         ;*******************************************************
                       ***********************
   69 00000000         ;
   70 00000000         ; Place code into the reset code section.
   71 00000000         ;
   72 00000000         ;*******************************************************
                       ***********************
   73 00000000                 AREA             RESET, CODE, READONLY
   74 00000000                 THUMB
   75 00000000         
   76 00000000         ;*******************************************************
                       ***********************
   77 00000000         ;
   78 00000000         ; The vector table.
   79 00000000         ;
   80 00000000         ;*******************************************************
                       ***********************
   81 00000000                 EXPORT           __Vectors
   82 00000000         __Vectors
   83 00000000 00000400        DCD              StackMem + Stack ; Top of Stack
                                                            
   84 00000004 00000000        DCD              Reset_Handler ; Reset Handler
   85 00000008 00000000        DCD              NMI_Handler ; NMI Handler



ARM Macro Assembler    Page 3 


   86 0000000C 00000000        DCD              HardFault_Handler ; Hard Fault 
                                                            Handler
   87 00000010 00000000        DCD              MemManage_Handler 
                                                            ; MPU Fault Handler
                                                            
   88 00000014 00000000        DCD              BusFault_Handler 
                                                            ; Bus Fault Handler
                                                            
   89 00000018 00000000        DCD              UsageFault_Handler ; Usage Faul
                                                            t Handler
   90 0000001C 00000000        DCD              0           ; Reserved
   91 00000020 00000000        DCD              0           ; Reserved
   92 00000024 00000000        DCD              0           ; Reserved
   93 00000028 00000000        DCD              0           ; Reserved
   94 0000002C 00000000        DCD              SVC_Handler ; SVCall Handler
   95 00000030 00000000        DCD              DebugMon_Handler ; Debug Monito
                                                            r Handler
   96 00000034 00000000        DCD              0           ; Reserved
   97 00000038 00000000        DCD              PendSV_Handler ; PendSV Handler
                                                            
   98 0000003C 00000000        DCD              SysTick_Handler 
                                                            ; SysTick Handler
   99 00000040 00000000        DCD              GPIOPortA_Handler ; GPIO Port A
                                                            
  100 00000044 00000000        DCD              GPIOPortB_Handler ; GPIO Port B
                                                            
  101 00000048 00000000        DCD              GPIOPortC_Handler ; GPIO Port C
                                                            
  102 0000004C 00000000        DCD              GPIOPortD_Handler ; GPIO Port D
                                                            
  103 00000050 00000000        DCD              GPIOPortE_Handler ; GPIO Port E
                                                            
  104 00000054 00000000        DCD              UART0_Handler ; UART0
  105 00000058 00000000        DCD              UART1_Handler ; UART1
  106 0000005C 00000000        DCD              SSI0_Handler ; SSI
  107 00000060 00000000        DCD              I2C0_Handler ; I2C
  108 00000064 00000000        DCD              PWMFault_Handler ; PWM Fault
  109 00000068 00000000        DCD              PWM0_Handler ; PWM Generator 0
  110 0000006C 00000000        DCD              PWM1_Handler ; PWM Generator 1
  111 00000070 00000000        DCD              PWM2_Handler ; PWM Generator 2
  112 00000074 00000000        DCD              Quadrature0_Handler ; Quadratur
                                                            e Encoder
  113 00000078 00000000        DCD              ADC0_Handler ; ADC Sequence 0
  114 0000007C 00000000        DCD              ADC1_Handler ; ADC Sequence 1
  115 00000080 00000000        DCD              ADC2_Handler ; ADC Sequence 2
  116 00000084 00000000        DCD              ADC3_Handler ; ADC Sequence 3
  117 00000088 00000000        DCD              WDT_Handler ; Watchdog
  118 0000008C 00000000        DCD              Timer0A_Handler ; Timer 0A
  119 00000090 00000000        DCD              Timer0B_Handler ; Timer 0B
  120 00000094 00000000        DCD              Timer1A_Handler ; Timer 1A
  121 00000098 00000000        DCD              Timer1B_Handler ; Timer 1B
  122 0000009C 00000000        DCD              Timer2A_Handler ; Timer 2A
  123 000000A0 00000000        DCD              Timer2B_Handler ; Timer 2B
  124 000000A4 00000000        DCD              Comp0_Handler ; Comp 0
  125 000000A8 00000000        DCD              Comp1_Handler ; Comp 1
  126 000000AC 00000000        DCD              Comp2_Handler ; Comp 2
  127 000000B0 00000000        DCD              SysCtl_Handler ; System Control
                                                            
  128 000000B4 00000000        DCD              FlashCtl_Handler 



ARM Macro Assembler    Page 4 


                                                            ; Flash Control
  129 000000B8 00000000        DCD              GPIOPortF_Handler ; GPIO Port F
                                                            
  130 000000BC 00000000        DCD              GPIOPortG_Handler ; GPIO Port G
                                                            
  131 000000C0 00000000        DCD              GPIOPortH_Handler ; GPIO Port H
                                                            
  132 000000C4 00000000        DCD              UART2_Handler ; UART2 Rx and Tx
                                                            
  133 000000C8 00000000        DCD              SSI1_Handler ; SSI1 Rx and Tx
  134 000000CC 00000000        DCD              Timer3A_Handler ; Timer 3 subti
                                                            mer A
  135 000000D0 00000000        DCD              Timer3B_Handler ; Timer 3 subti
                                                            mer B
  136 000000D4 00000000        DCD              I2C1_Handler ; I2C1 Master and 
                                                            Slave
  137 000000D8 00000000        DCD              Quadrature1_Handler ; Quadratur
                                                            e Encoder 1
  138 000000DC 00000000        DCD              CAN0_Handler ; CAN0
  139 000000E0 00000000        DCD              CAN1_Handler ; CAN1
  140 000000E4 00000000        DCD              CAN2_Handler ; CAN2
  141 000000E8 00000000        DCD              Ethernet_Handler ; Ethernet
  142 000000EC 00000000        DCD              Hibernate_Handler ; Hibernate
  143 000000F0 00000000        DCD              USB0_Handler ; USB0
  144 000000F4 00000000        DCD              PWM3_Handler ; PWM Generator 3
  145 000000F8 00000000        DCD              uDMA_Handler ; uDMA Software Tr
                                                            ansfer
  146 000000FC 00000000        DCD              uDMA_Error  ; uDMA Error
  147 00000100         
  148 00000100         ;*******************************************************
                       ***********************
  149 00000100         ;
  150 00000100         ; This is the code that gets called when the processor f
                       irst starts execution
  151 00000100         ; following a reset event.
  152 00000100         ;
  153 00000100         ;*******************************************************
                       ***********************
  154 00000100                 EXPORT           Reset_Handler
  155 00000100         Reset_Handler
  156 00000100         ;
  157 00000100         ; Call the 'Start' routine
  158 00000100         ;
  159 00000100                 IMPORT           Start
  160 00000100 F7FF BFFE       B                Start
  161 00000104         
  162 00000104         ;*******************************************************
                       ***********************
  163 00000104         ;
  164 00000104         ; This is the code that gets called when the processor r
                       eceives a NMI.  This
  165 00000104         ; simply enters an infinite loop, preserving the system 
                       state for examination
  166 00000104         ; by a debugger.
  167 00000104         ;
  168 00000104         ;*******************************************************
                       ***********************
  169 00000104         NMI_Handler
                               PROC



ARM Macro Assembler    Page 5 


  170 00000104                 EXPORT           NMI_Handler               [WEAK
]
  171 00000104 E7FE            B                .
  172 00000106                 ENDP
  173 00000106         
  174 00000106         ;*******************************************************
                       ***********************
  175 00000106         ;
  176 00000106         ; This is the code that gets called when the processor r
                       eceives a fault
  177 00000106         ; interrupt.  This simply enters an infinite loop, prese
                       rving the system state
  178 00000106         ; for examination by a debugger.
  179 00000106         ;
  180 00000106         ;*******************************************************
                       ***********************
  182 00000106         HardFault_Handler
                               PROC
  183 00000106                 EXPORT           HardFault_Handler         [WEAK
]
  184 00000106 E7FE            B                .
  185 00000108                 ENDP
  186 00000108         
  187 00000108         ;*******************************************************
                       ***********************
  188 00000108         ;
  189 00000108         ; This is the code that gets called when the processor r
                       eceives an unexpected
  190 00000108         ; interrupt.  This simply enters an infinite loop, prese
                       rving the system state
  191 00000108         ; for examination by a debugger.
  192 00000108         ;
  193 00000108         ;*******************************************************
                       ***********************
  195 00000108         MemManage_Handler
                               PROC
  196 00000108                 EXPORT           MemManage_Handler         [WEAK
]
  197 00000108 E7FE            B                .
  198 0000010A                 ENDP
  200 0000010A         BusFault_Handler
                               PROC
  201 0000010A                 EXPORT           BusFault_Handler          [WEAK
]
  202 0000010A E7FE            B                .
  203 0000010C                 ENDP
  205 0000010C         UsageFault_Handler
                               PROC
  206 0000010C                 EXPORT           UsageFault_Handler        [WEAK
]
  207 0000010C E7FE            B                .
  208 0000010E                 ENDP
  209 0000010E         SVC_Handler
                               PROC
  210 0000010E                 EXPORT           SVC_Handler               [WEAK
]
  211 0000010E E7FE            B                .
  212 00000110                 ENDP
  214 00000110         DebugMon_Handler



ARM Macro Assembler    Page 6 


                               PROC
  215 00000110                 EXPORT           DebugMon_Handler          [WEAK
]
  216 00000110 E7FE            B                .
  217 00000112                 ENDP
  218 00000112         PendSV_Handler
                               PROC
  219 00000112                 EXPORT           PendSV_Handler            [WEAK
]
  220 00000112 E7FE            B                .
  221 00000114                 ENDP
  222 00000114         SysTick_Handler
                               PROC
  223 00000114                 EXPORT           SysTick_Handler           [WEAK
]
  224 00000114 E7FE            B                .
  225 00000116                 ENDP
  227 00000116         IntDefaultHandler
                               PROC
  228 00000116         
  229 00000116                 EXPORT           GPIOPortA_Handler         [WEAK
]
  230 00000116                 EXPORT           GPIOPortB_Handler         [WEAK
]
  231 00000116                 EXPORT           GPIOPortC_Handler         [WEAK
]
  232 00000116                 EXPORT           GPIOPortD_Handler         [WEAK
]
  233 00000116                 EXPORT           GPIOPortE_Handler         [WEAK
]
  234 00000116                 EXPORT           UART0_Handler             [WEAK
]
  235 00000116                 EXPORT           UART1_Handler             [WEAK
]
  236 00000116                 EXPORT           SSI0_Handler              [WEAK
]
  237 00000116                 EXPORT           I2C0_Handler              [WEAK
]
  238 00000116                 EXPORT           PWMFault_Handler          [WEAK
]
  239 00000116                 EXPORT           PWM0_Handler              [WEAK
]
  240 00000116                 EXPORT           PWM1_Handler              [WEAK
]
  241 00000116                 EXPORT           PWM2_Handler              [WEAK
]
  242 00000116                 EXPORT           Quadrature0_Handler       [WEAK
]
  243 00000116                 EXPORT           ADC0_Handler              [WEAK
]
  244 00000116                 EXPORT           ADC1_Handler              [WEAK
]
  245 00000116                 EXPORT           ADC2_Handler              [WEAK
]
  246 00000116                 EXPORT           ADC3_Handler              [WEAK
]
  247 00000116                 EXPORT           WDT_Handler               [WEAK
]
  248 00000116                 EXPORT           Timer0A_Handler           [WEAK



ARM Macro Assembler    Page 7 


]
  249 00000116                 EXPORT           Timer0B_Handler           [WEAK
]
  250 00000116                 EXPORT           Timer1A_Handler           [WEAK
]
  251 00000116                 EXPORT           Timer1B_Handler           [WEAK
]
  252 00000116                 EXPORT           Timer2A_Handler           [WEAK
]
  253 00000116                 EXPORT           Timer2B_Handler           [WEAK
]
  254 00000116                 EXPORT           Comp0_Handler             [WEAK
]
  255 00000116                 EXPORT           Comp1_Handler             [WEAK
]
  256 00000116                 EXPORT           Comp2_Handler             [WEAK
]
  257 00000116                 EXPORT           SysCtl_Handler            [WEAK
]
  258 00000116                 EXPORT           FlashCtl_Handler          [WEAK
]
  259 00000116                 EXPORT           GPIOPortF_Handler         [WEAK
]
  260 00000116                 EXPORT           GPIOPortG_Handler         [WEAK
]
  261 00000116                 EXPORT           GPIOPortH_Handler         [WEAK
]
  262 00000116                 EXPORT           UART2_Handler             [WEAK
]
  263 00000116                 EXPORT           SSI1_Handler              [WEAK
]
  264 00000116                 EXPORT           Timer3A_Handler           [WEAK
]
  265 00000116                 EXPORT           Timer3B_Handler           [WEAK
]
  266 00000116                 EXPORT           I2C1_Handler              [WEAK
]
  267 00000116                 EXPORT           Quadrature1_Handler       [WEAK
]
  268 00000116                 EXPORT           CAN0_Handler              [WEAK
]
  269 00000116                 EXPORT           CAN1_Handler              [WEAK
]
  270 00000116                 EXPORT           CAN2_Handler              [WEAK
]
  271 00000116                 EXPORT           Ethernet_Handler          [WEAK
]
  272 00000116                 EXPORT           Hibernate_Handler         [WEAK
]
  273 00000116                 EXPORT           USB0_Handler              [WEAK
]
  274 00000116                 EXPORT           PWM3_Handler              [WEAK
]
  275 00000116                 EXPORT           uDMA_Handler              [WEAK
]
  276 00000116                 EXPORT           uDMA_Error                [WEAK
]
  277 00000116         
  278 00000116         GPIOPortA_Handler



ARM Macro Assembler    Page 8 


  279 00000116         GPIOPortB_Handler
  280 00000116         GPIOPortC_Handler
  281 00000116         GPIOPortD_Handler
  282 00000116         GPIOPortE_Handler
  283 00000116         UART0_Handler
  284 00000116         UART1_Handler
  285 00000116         SSI0_Handler
  286 00000116         I2C0_Handler
  287 00000116         PWMFault_Handler
  288 00000116         PWM0_Handler
  289 00000116         PWM1_Handler
  290 00000116         PWM2_Handler
  291 00000116         Quadrature0_Handler
  292 00000116         ADC0_Handler
  293 00000116         ADC1_Handler
  294 00000116         ADC2_Handler
  295 00000116         ADC3_Handler
  296 00000116         WDT_Handler
  297 00000116         Timer0A_Handler
  298 00000116         Timer0B_Handler
  299 00000116         Timer1A_Handler
  300 00000116         Timer1B_Handler
  301 00000116         Timer2A_Handler
  302 00000116         Timer2B_Handler
  303 00000116         Comp0_Handler
  304 00000116         Comp1_Handler
  305 00000116         Comp2_Handler
  306 00000116         SysCtl_Handler
  307 00000116         FlashCtl_Handler
  308 00000116         GPIOPortF_Handler
  309 00000116         GPIOPortG_Handler
  310 00000116         GPIOPortH_Handler
  311 00000116         UART2_Handler
  312 00000116         SSI1_Handler
  313 00000116         Timer3A_Handler
  314 00000116         Timer3B_Handler
  315 00000116         I2C1_Handler
  316 00000116         Quadrature1_Handler
  317 00000116         CAN0_Handler
  318 00000116         CAN1_Handler
  319 00000116         CAN2_Handler
  320 00000116         Ethernet_Handler
  321 00000116         Hibernate_Handler
  322 00000116         USB0_Handler
  323 00000116         PWM3_Handler
  324 00000116         uDMA_Handler
  325 00000116         uDMA_Error
  326 00000116 E7FE            B                .
  327 00000118         
  328 00000118                 ENDP
  329 00000118         
  330 00000118         ;*******************************************************
                       ***********************
  331 00000118         ;
  332 00000118         ; Make sure the end of this section is aligned.
  333 00000118         ;
  334 00000118         ;*******************************************************
                       ***********************
  335 00000118                 ALIGN



ARM Macro Assembler    Page 9 


  336 00000118         
  337 00000118         ;*******************************************************
                       ***********************
  338 00000118         ;
  339 00000118         ; Tell the assembler that we're done.
  340 00000118         ;
  341 00000118         ;*******************************************************
                       ***********************
  342 00000118                 END
Command Line: --debug --xref --diag_suppress=9931 --cpu=Cortex-M3 --apcs=interw
ork --depend=.\objects\startup.d -o.\objects\startup.o -I.\RTE\_Target_1 -IC:\K
eil_v5\ARM\PACK\ARM\CMSIS\5.0.1\CMSIS\Include -IC:\Keil_v5\ARM\PACK\Keil\LM3S_D
FP\1.1.0\Device\Include --predefine="__EVAL SETA 1" --predefine="__UVISION_VERS
ION SETA 524" --predefine="_RTE_ SETA 1" --predefine="LM3S1968 SETA 1" --list=.
\listings\startup.lst RTE\Device\LM3S1968\Startup.s



ARM Macro Assembler    Page 1 Alphabetic symbol ordering
Relocatable symbols

STACK 00000000

Symbol: STACK
   Definitions
      At line 45 in file RTE\Device\LM3S1968\Startup.s
   Uses
      None
Comment: STACK unused
StackMem 00000000

Symbol: StackMem
   Definitions
      At line 46 in file RTE\Device\LM3S1968\Startup.s
   Uses
      At line 83 in file RTE\Device\LM3S1968\Startup.s
Comment: StackMem used once
__initial_sp 00000400

Symbol: __initial_sp
   Definitions
      At line 48 in file RTE\Device\LM3S1968\Startup.s
   Uses
      None
Comment: __initial_sp unused
3 symbols



ARM Macro Assembler    Page 1 Alphabetic symbol ordering
Relocatable symbols

HEAP 00000000

Symbol: HEAP
   Definitions
      At line 55 in file RTE\Device\LM3S1968\Startup.s
   Uses
      None
Comment: HEAP unused
HeapMem 00000000

Symbol: HeapMem
   Definitions
      At line 57 in file RTE\Device\LM3S1968\Startup.s
   Uses
      None
Comment: HeapMem unused
__heap_base 00000000

Symbol: __heap_base
   Definitions
      At line 56 in file RTE\Device\LM3S1968\Startup.s
   Uses
      None
Comment: __heap_base unused
__heap_limit 00000000

Symbol: __heap_limit
   Definitions
      At line 59 in file RTE\Device\LM3S1968\Startup.s
   Uses
      None
Comment: __heap_limit unused
4 symbols



ARM Macro Assembler    Page 1 Alphabetic symbol ordering
Relocatable symbols

ADC0_Handler 00000116

Symbol: ADC0_Handler
   Definitions
      At line 292 in file RTE\Device\LM3S1968\Startup.s
   Uses
      At line 113 in file RTE\Device\LM3S1968\Startup.s
      At line 243 in file RTE\Device\LM3S1968\Startup.s

ADC1_Handler 00000116

Symbol: ADC1_Handler
   Definitions
      At line 293 in file RTE\Device\LM3S1968\Startup.s
   Uses
      At line 114 in file RTE\Device\LM3S1968\Startup.s
      At line 244 in file RTE\Device\LM3S1968\Startup.s

ADC2_Handler 00000116

Symbol: ADC2_Handler
   Definitions
      At line 294 in file RTE\Device\LM3S1968\Startup.s
   Uses
      At line 115 in file RTE\Device\LM3S1968\Startup.s
      At line 245 in file RTE\Device\LM3S1968\Startup.s

ADC3_Handler 00000116

Symbol: ADC3_Handler
   Definitions
      At line 295 in file RTE\Device\LM3S1968\Startup.s
   Uses
      At line 116 in file RTE\Device\LM3S1968\Startup.s
      At line 246 in file RTE\Device\LM3S1968\Startup.s

BusFault_Handler 0000010A

Symbol: BusFault_Handler
   Definitions
      At line 200 in file RTE\Device\LM3S1968\Startup.s
   Uses
      At line 88 in file RTE\Device\LM3S1968\Startup.s
      At line 201 in file RTE\Device\LM3S1968\Startup.s

CAN0_Handler 00000116

Symbol: CAN0_Handler
   Definitions
      At line 317 in file RTE\Device\LM3S1968\Startup.s
   Uses
      At line 138 in file RTE\Device\LM3S1968\Startup.s
      At line 268 in file RTE\Device\LM3S1968\Startup.s

CAN1_Handler 00000116

Symbol: CAN1_Handler
   Definitions
      At line 318 in file RTE\Device\LM3S1968\Startup.s



ARM Macro Assembler    Page 2 Alphabetic symbol ordering
Relocatable symbols

   Uses
      At line 139 in file RTE\Device\LM3S1968\Startup.s
      At line 269 in file RTE\Device\LM3S1968\Startup.s

CAN2_Handler 00000116

Symbol: CAN2_Handler
   Definitions
      At line 319 in file RTE\Device\LM3S1968\Startup.s
   Uses
      At line 140 in file RTE\Device\LM3S1968\Startup.s
      At line 270 in file RTE\Device\LM3S1968\Startup.s

Comp0_Handler 00000116

Symbol: Comp0_Handler
   Definitions
      At line 303 in file RTE\Device\LM3S1968\Startup.s
   Uses
      At line 124 in file RTE\Device\LM3S1968\Startup.s
      At line 254 in file RTE\Device\LM3S1968\Startup.s

Comp1_Handler 00000116

Symbol: Comp1_Handler
   Definitions
      At line 304 in file RTE\Device\LM3S1968\Startup.s
   Uses
      At line 125 in file RTE\Device\LM3S1968\Startup.s
      At line 255 in file RTE\Device\LM3S1968\Startup.s

Comp2_Handler 00000116

Symbol: Comp2_Handler
   Definitions
      At line 305 in file RTE\Device\LM3S1968\Startup.s
   Uses
      At line 126 in file RTE\Device\LM3S1968\Startup.s
      At line 256 in file RTE\Device\LM3S1968\Startup.s

DebugMon_Handler 00000110

Symbol: DebugMon_Handler
   Definitions
      At line 214 in file RTE\Device\LM3S1968\Startup.s
   Uses
      At line 95 in file RTE\Device\LM3S1968\Startup.s
      At line 215 in file RTE\Device\LM3S1968\Startup.s

Ethernet_Handler 00000116

Symbol: Ethernet_Handler
   Definitions
      At line 320 in file RTE\Device\LM3S1968\Startup.s
   Uses
      At line 141 in file RTE\Device\LM3S1968\Startup.s
      At line 271 in file RTE\Device\LM3S1968\Startup.s

FlashCtl_Handler 00000116



ARM Macro Assembler    Page 3 Alphabetic symbol ordering
Relocatable symbols


Symbol: FlashCtl_Handler
   Definitions
      At line 307 in file RTE\Device\LM3S1968\Startup.s
   Uses
      At line 128 in file RTE\Device\LM3S1968\Startup.s
      At line 258 in file RTE\Device\LM3S1968\Startup.s

GPIOPortA_Handler 00000116

Symbol: GPIOPortA_Handler
   Definitions
      At line 278 in file RTE\Device\LM3S1968\Startup.s
   Uses
      At line 99 in file RTE\Device\LM3S1968\Startup.s
      At line 229 in file RTE\Device\LM3S1968\Startup.s

GPIOPortB_Handler 00000116

Symbol: GPIOPortB_Handler
   Definitions
      At line 279 in file RTE\Device\LM3S1968\Startup.s
   Uses
      At line 100 in file RTE\Device\LM3S1968\Startup.s
      At line 230 in file RTE\Device\LM3S1968\Startup.s

GPIOPortC_Handler 00000116

Symbol: GPIOPortC_Handler
   Definitions
      At line 280 in file RTE\Device\LM3S1968\Startup.s
   Uses
      At line 101 in file RTE\Device\LM3S1968\Startup.s
      At line 231 in file RTE\Device\LM3S1968\Startup.s

GPIOPortD_Handler 00000116

Symbol: GPIOPortD_Handler
   Definitions
      At line 281 in file RTE\Device\LM3S1968\Startup.s
   Uses
      At line 102 in file RTE\Device\LM3S1968\Startup.s
      At line 232 in file RTE\Device\LM3S1968\Startup.s

GPIOPortE_Handler 00000116

Symbol: GPIOPortE_Handler
   Definitions
      At line 282 in file RTE\Device\LM3S1968\Startup.s
   Uses
      At line 103 in file RTE\Device\LM3S1968\Startup.s
      At line 233 in file RTE\Device\LM3S1968\Startup.s

GPIOPortF_Handler 00000116

Symbol: GPIOPortF_Handler
   Definitions
      At line 308 in file RTE\Device\LM3S1968\Startup.s
   Uses



ARM Macro Assembler    Page 4 Alphabetic symbol ordering
Relocatable symbols

      At line 129 in file RTE\Device\LM3S1968\Startup.s
      At line 259 in file RTE\Device\LM3S1968\Startup.s

GPIOPortG_Handler 00000116

Symbol: GPIOPortG_Handler
   Definitions
      At line 309 in file RTE\Device\LM3S1968\Startup.s
   Uses
      At line 130 in file RTE\Device\LM3S1968\Startup.s
      At line 260 in file RTE\Device\LM3S1968\Startup.s

GPIOPortH_Handler 00000116

Symbol: GPIOPortH_Handler
   Definitions
      At line 310 in file RTE\Device\LM3S1968\Startup.s
   Uses
      At line 131 in file RTE\Device\LM3S1968\Startup.s
      At line 261 in file RTE\Device\LM3S1968\Startup.s

HardFault_Handler 00000106

Symbol: HardFault_Handler
   Definitions
      At line 182 in file RTE\Device\LM3S1968\Startup.s
   Uses
      At line 86 in file RTE\Device\LM3S1968\Startup.s
      At line 183 in file RTE\Device\LM3S1968\Startup.s

Hibernate_Handler 00000116

Symbol: Hibernate_Handler
   Definitions
      At line 321 in file RTE\Device\LM3S1968\Startup.s
   Uses
      At line 142 in file RTE\Device\LM3S1968\Startup.s
      At line 272 in file RTE\Device\LM3S1968\Startup.s

I2C0_Handler 00000116

Symbol: I2C0_Handler
   Definitions
      At line 286 in file RTE\Device\LM3S1968\Startup.s
   Uses
      At line 107 in file RTE\Device\LM3S1968\Startup.s
      At line 237 in file RTE\Device\LM3S1968\Startup.s

I2C1_Handler 00000116

Symbol: I2C1_Handler
   Definitions
      At line 315 in file RTE\Device\LM3S1968\Startup.s
   Uses
      At line 136 in file RTE\Device\LM3S1968\Startup.s
      At line 266 in file RTE\Device\LM3S1968\Startup.s

IntDefaultHandler 00000116




ARM Macro Assembler    Page 5 Alphabetic symbol ordering
Relocatable symbols

Symbol: IntDefaultHandler
   Definitions
      At line 227 in file RTE\Device\LM3S1968\Startup.s
   Uses
      None
Comment: IntDefaultHandler unused
MemManage_Handler 00000108

Symbol: MemManage_Handler
   Definitions
      At line 195 in file RTE\Device\LM3S1968\Startup.s
   Uses
      At line 87 in file RTE\Device\LM3S1968\Startup.s
      At line 196 in file RTE\Device\LM3S1968\Startup.s

NMI_Handler 00000104

Symbol: NMI_Handler
   Definitions
      At line 169 in file RTE\Device\LM3S1968\Startup.s
   Uses
      At line 85 in file RTE\Device\LM3S1968\Startup.s
      At line 170 in file RTE\Device\LM3S1968\Startup.s

PWM0_Handler 00000116

Symbol: PWM0_Handler
   Definitions
      At line 288 in file RTE\Device\LM3S1968\Startup.s
   Uses
      At line 109 in file RTE\Device\LM3S1968\Startup.s
      At line 239 in file RTE\Device\LM3S1968\Startup.s

PWM1_Handler 00000116

Symbol: PWM1_Handler
   Definitions
      At line 289 in file RTE\Device\LM3S1968\Startup.s
   Uses
      At line 110 in file RTE\Device\LM3S1968\Startup.s
      At line 240 in file RTE\Device\LM3S1968\Startup.s

PWM2_Handler 00000116

Symbol: PWM2_Handler
   Definitions
      At line 290 in file RTE\Device\LM3S1968\Startup.s
   Uses
      At line 111 in file RTE\Device\LM3S1968\Startup.s
      At line 241 in file RTE\Device\LM3S1968\Startup.s

PWM3_Handler 00000116

Symbol: PWM3_Handler
   Definitions
      At line 323 in file RTE\Device\LM3S1968\Startup.s
   Uses
      At line 144 in file RTE\Device\LM3S1968\Startup.s
      At line 274 in file RTE\Device\LM3S1968\Startup.s



ARM Macro Assembler    Page 6 Alphabetic symbol ordering
Relocatable symbols


PWMFault_Handler 00000116

Symbol: PWMFault_Handler
   Definitions
      At line 287 in file RTE\Device\LM3S1968\Startup.s
   Uses
      At line 108 in file RTE\Device\LM3S1968\Startup.s
      At line 238 in file RTE\Device\LM3S1968\Startup.s

PendSV_Handler 00000112

Symbol: PendSV_Handler
   Definitions
      At line 218 in file RTE\Device\LM3S1968\Startup.s
   Uses
      At line 97 in file RTE\Device\LM3S1968\Startup.s
      At line 219 in file RTE\Device\LM3S1968\Startup.s

Quadrature0_Handler 00000116

Symbol: Quadrature0_Handler
   Definitions
      At line 291 in file RTE\Device\LM3S1968\Startup.s
   Uses
      At line 112 in file RTE\Device\LM3S1968\Startup.s
      At line 242 in file RTE\Device\LM3S1968\Startup.s

Quadrature1_Handler 00000116

Symbol: Quadrature1_Handler
   Definitions
      At line 316 in file RTE\Device\LM3S1968\Startup.s
   Uses
      At line 137 in file RTE\Device\LM3S1968\Startup.s
      At line 267 in file RTE\Device\LM3S1968\Startup.s

RESET 00000000

Symbol: RESET
   Definitions
      At line 73 in file RTE\Device\LM3S1968\Startup.s
   Uses
      None
Comment: RESET unused
Reset_Handler 00000100

Symbol: Reset_Handler
   Definitions
      At line 155 in file RTE\Device\LM3S1968\Startup.s
   Uses
      At line 84 in file RTE\Device\LM3S1968\Startup.s
      At line 154 in file RTE\Device\LM3S1968\Startup.s

SSI0_Handler 00000116

Symbol: SSI0_Handler
   Definitions
      At line 285 in file RTE\Device\LM3S1968\Startup.s



ARM Macro Assembler    Page 7 Alphabetic symbol ordering
Relocatable symbols

   Uses
      At line 106 in file RTE\Device\LM3S1968\Startup.s
      At line 236 in file RTE\Device\LM3S1968\Startup.s

SSI1_Handler 00000116

Symbol: SSI1_Handler
   Definitions
      At line 312 in file RTE\Device\LM3S1968\Startup.s
   Uses
      At line 133 in file RTE\Device\LM3S1968\Startup.s
      At line 263 in file RTE\Device\LM3S1968\Startup.s

SVC_Handler 0000010E

Symbol: SVC_Handler
   Definitions
      At line 209 in file RTE\Device\LM3S1968\Startup.s
   Uses
      At line 94 in file RTE\Device\LM3S1968\Startup.s
      At line 210 in file RTE\Device\LM3S1968\Startup.s

SysCtl_Handler 00000116

Symbol: SysCtl_Handler
   Definitions
      At line 306 in file RTE\Device\LM3S1968\Startup.s
   Uses
      At line 127 in file RTE\Device\LM3S1968\Startup.s
      At line 257 in file RTE\Device\LM3S1968\Startup.s

SysTick_Handler 00000114

Symbol: SysTick_Handler
   Definitions
      At line 222 in file RTE\Device\LM3S1968\Startup.s
   Uses
      At line 98 in file RTE\Device\LM3S1968\Startup.s
      At line 223 in file RTE\Device\LM3S1968\Startup.s

Timer0A_Handler 00000116

Symbol: Timer0A_Handler
   Definitions
      At line 297 in file RTE\Device\LM3S1968\Startup.s
   Uses
      At line 118 in file RTE\Device\LM3S1968\Startup.s
      At line 248 in file RTE\Device\LM3S1968\Startup.s

Timer0B_Handler 00000116

Symbol: Timer0B_Handler
   Definitions
      At line 298 in file RTE\Device\LM3S1968\Startup.s
   Uses
      At line 119 in file RTE\Device\LM3S1968\Startup.s
      At line 249 in file RTE\Device\LM3S1968\Startup.s

Timer1A_Handler 00000116



ARM Macro Assembler    Page 8 Alphabetic symbol ordering
Relocatable symbols


Symbol: Timer1A_Handler
   Definitions
      At line 299 in file RTE\Device\LM3S1968\Startup.s
   Uses
      At line 120 in file RTE\Device\LM3S1968\Startup.s
      At line 250 in file RTE\Device\LM3S1968\Startup.s

Timer1B_Handler 00000116

Symbol: Timer1B_Handler
   Definitions
      At line 300 in file RTE\Device\LM3S1968\Startup.s
   Uses
      At line 121 in file RTE\Device\LM3S1968\Startup.s
      At line 251 in file RTE\Device\LM3S1968\Startup.s

Timer2A_Handler 00000116

Symbol: Timer2A_Handler
   Definitions
      At line 301 in file RTE\Device\LM3S1968\Startup.s
   Uses
      At line 122 in file RTE\Device\LM3S1968\Startup.s
      At line 252 in file RTE\Device\LM3S1968\Startup.s

Timer2B_Handler 00000116

Symbol: Timer2B_Handler
   Definitions
      At line 302 in file RTE\Device\LM3S1968\Startup.s
   Uses
      At line 123 in file RTE\Device\LM3S1968\Startup.s
      At line 253 in file RTE\Device\LM3S1968\Startup.s

Timer3A_Handler 00000116

Symbol: Timer3A_Handler
   Definitions
      At line 313 in file RTE\Device\LM3S1968\Startup.s
   Uses
      At line 134 in file RTE\Device\LM3S1968\Startup.s
      At line 264 in file RTE\Device\LM3S1968\Startup.s

Timer3B_Handler 00000116

Symbol: Timer3B_Handler
   Definitions
      At line 314 in file RTE\Device\LM3S1968\Startup.s
   Uses
      At line 135 in file RTE\Device\LM3S1968\Startup.s
      At line 265 in file RTE\Device\LM3S1968\Startup.s

UART0_Handler 00000116

Symbol: UART0_Handler
   Definitions
      At line 283 in file RTE\Device\LM3S1968\Startup.s
   Uses



ARM Macro Assembler    Page 9 Alphabetic symbol ordering
Relocatable symbols

      At line 104 in file RTE\Device\LM3S1968\Startup.s
      At line 234 in file RTE\Device\LM3S1968\Startup.s

UART1_Handler 00000116

Symbol: UART1_Handler
   Definitions
      At line 284 in file RTE\Device\LM3S1968\Startup.s
   Uses
      At line 105 in file RTE\Device\LM3S1968\Startup.s
      At line 235 in file RTE\Device\LM3S1968\Startup.s

UART2_Handler 00000116

Symbol: UART2_Handler
   Definitions
      At line 311 in file RTE\Device\LM3S1968\Startup.s
   Uses
      At line 132 in file RTE\Device\LM3S1968\Startup.s
      At line 262 in file RTE\Device\LM3S1968\Startup.s

USB0_Handler 00000116

Symbol: USB0_Handler
   Definitions
      At line 322 in file RTE\Device\LM3S1968\Startup.s
   Uses
      At line 143 in file RTE\Device\LM3S1968\Startup.s
      At line 273 in file RTE\Device\LM3S1968\Startup.s

UsageFault_Handler 0000010C

Symbol: UsageFault_Handler
   Definitions
      At line 205 in file RTE\Device\LM3S1968\Startup.s
   Uses
      At line 89 in file RTE\Device\LM3S1968\Startup.s
      At line 206 in file RTE\Device\LM3S1968\Startup.s

WDT_Handler 00000116

Symbol: WDT_Handler
   Definitions
      At line 296 in file RTE\Device\LM3S1968\Startup.s
   Uses
      At line 117 in file RTE\Device\LM3S1968\Startup.s
      At line 247 in file RTE\Device\LM3S1968\Startup.s

__Vectors 00000000

Symbol: __Vectors
   Definitions
      At line 82 in file RTE\Device\LM3S1968\Startup.s
   Uses
      At line 81 in file RTE\Device\LM3S1968\Startup.s
Comment: __Vectors used once
uDMA_Error 00000116

Symbol: uDMA_Error



ARM Macro Assembler    Page 10 Alphabetic symbol ordering
Relocatable symbols

   Definitions
      At line 325 in file RTE\Device\LM3S1968\Startup.s
   Uses
      At line 146 in file RTE\Device\LM3S1968\Startup.s
      At line 276 in file RTE\Device\LM3S1968\Startup.s

uDMA_Handler 00000116

Symbol: uDMA_Handler
   Definitions
      At line 324 in file RTE\Device\LM3S1968\Startup.s
   Uses
      At line 145 in file RTE\Device\LM3S1968\Startup.s
      At line 275 in file RTE\Device\LM3S1968\Startup.s

61 symbols



ARM Macro Assembler    Page 1 Alphabetic symbol ordering
Absolute symbols

Heap 00000000

Symbol: Heap
   Definitions
      At line 38 in file RTE\Device\LM3S1968\Startup.s
   Uses
      At line 58 in file RTE\Device\LM3S1968\Startup.s
Comment: Heap used once
Stack 00000400

Symbol: Stack
   Definitions
      At line 31 in file RTE\Device\LM3S1968\Startup.s
   Uses
      At line 47 in file RTE\Device\LM3S1968\Startup.s
      At line 83 in file RTE\Device\LM3S1968\Startup.s

2 symbols



ARM Macro Assembler    Page 1 Alphabetic symbol ordering
External symbols

Start 00000000

Symbol: Start
   Definitions
      At line 159 in file RTE\Device\LM3S1968\Startup.s
   Uses
      At line 160 in file RTE\Device\LM3S1968\Startup.s
Comment: Start used once
1 symbol
405 symbols in table
